<?xml version="1.0" encoding="UTF-8"?>
<testsuite xmlns:xsi="http://www.w3.org/2001/XMLSchema-instance" xsi:noNamespaceSchemaLocation="https://maven.apache.org/surefire/maven-surefire-plugin/xsd/surefire-test-report-3.0.xsd" version="3.0" name="TestSuite" time="102.519" tests="2" errors="0" skipped="0" failures="0">
  <properties>
[...]
</properties>
  <testcase name="testContactFormSubmission" classname="tests.ContactTest" time="9.637"/>
  <testcase name="testiPhoneAndSearch" classname="tests.FlipKartTest" time="41.942">
    <system-out><![CDATA[Result CountShowing 1 – 24 of 167 results for "iPhone 14"
]]></system-out>
  </testcase>
</testsuite>