<?xml version="1.0" encoding="UTF-8"?>
<testng-results ignored="0" total="2" passed="2" failed="0" skipped="0">
  <reporter-output>
  </reporter-output>
  <suite started-at="2023-11-16T12:14:27 GMT" name="Surefire suite" finished-at="2023-11-16T12:15:19 GMT" duration-ms="51606">
    <groups>
    </groups>
    <test started-at="2023-11-16T12:14:27 GMT" name="Surefire test" finished-at="2023-11-16T12:15:19 GMT" duration-ms="51606">
      <class name="tests.FlipKartTest">
        <test-method is-config="true" signature="setup()[pri:0, instance:tests.FlipKartTest@770c2e6b]" started-at="2023-11-16T12:13:50 GMT" name="setup" finished-at="2023-11-16T12:14:27 GMT" duration-ms="36885" status="PASS">
          <reporter-output>
          </reporter-output>
        </test-method> <!-- setup -->
        <test-method signature="testiPhoneAndSearch()[pri:0, instance:tests.FlipKartTest@770c2e6b]" started-at="2023-11-16T12:14:37 GMT" name="testiPhoneAndSearch" finished-at="2023-11-16T12:15:19 GMT" duration-ms="41945" status="PASS">
          <reporter-output>
          </reporter-output>
        </test-method> <!-- testiPhoneAndSearch -->
        <test-method is-config="true" signature="tearDown()[pri:0, instance:tests.FlipKartTest@770c2e6b]" started-at="2023-11-16T12:15:19 GMT" name="tearDown" finished-at="2023-11-16T12:15:19 GMT" duration-ms="130" status="PASS">
          <reporter-output>
          </reporter-output>
        </test-method> <!-- tearDown -->
      </class> <!-- tests.FlipKartTest -->
      <class name="tests.ContactTest">
        <test-method is-config="true" signature="setup()[pri:0, instance:tests.ContactTest@18a70f16]" started-at="2023-11-16T12:13:37 GMT" name="setup" finished-at="2023-11-16T12:13:50 GMT" duration-ms="13409" status="PASS">
          <reporter-output>
          </reporter-output>
        </test-method> <!-- setup -->
        <test-method signature="testContactFormSubmission()[pri:0, instance:tests.ContactTest@18a70f16]" started-at="2023-11-16T12:14:27 GMT" name="testContactFormSubmission" finished-at="2023-11-16T12:14:37 GMT" duration-ms="9634" status="PASS">
          <reporter-output>
          </reporter-output>
        </test-method> <!-- testContactFormSubmission -->
        <test-method is-config="true" signature="tearDown()[pri:0, instance:tests.ContactTest@18a70f16]" started-at="2023-11-16T12:15:19 GMT" name="tearDown" finished-at="2023-11-16T12:15:19 GMT" duration-ms="144" status="PASS">
          <reporter-output>
          </reporter-output>
        </test-method> <!-- tearDown -->
      </class> <!-- tests.ContactTest -->
    </test> <!-- Surefire test -->
  </suite> <!-- Surefire suite -->
</testng-results>
