<?xml version="1.0" encoding="UTF-8"?>
<testng-results ignored="0" total="2" passed="2" failed="0" skipped="0">
  <reporter-output>
  </reporter-output>
  <suite started-at="2023-11-16T14:22:26 GMT" name="TestSuite" finished-at="2023-11-16T14:23:15 GMT" duration-ms="49060">
    <groups>
    </groups>
    <test started-at="2023-11-16T14:22:26 GMT" name="Scenario1" finished-at="2023-11-16T14:22:33 GMT" duration-ms="7283">
      <class name="tests.ContactTest">
        <test-method signature="testContactFormSubmission()[pri:0, instance:tests.ContactTest@4b0b0854]" started-at="2023-11-16T14:22:26 GMT" name="testContactFormSubmission" finished-at="2023-11-16T14:22:33 GMT" duration-ms="7252" status="PASS">
          <reporter-output>
          </reporter-output>
        </test-method> <!-- testContactFormSubmission -->
      </class> <!-- tests.ContactTest -->
    </test> <!-- Scenario1 -->
    <test started-at="2023-11-16T14:22:33 GMT" name="Scenario2" finished-at="2023-11-16T14:23:15 GMT" duration-ms="41731">
      <class name="tests.FlipKartTest">
        <test-method is-config="true" signature="setup()[pri:0, instance:tests.FlipKartTest@243c4f91]" started-at="2023-11-16T14:21:48 GMT" name="setup" finished-at="2023-11-16T14:22:26 GMT" duration-ms="37621" status="PASS">
          <reporter-output>
          </reporter-output>
        </test-method> <!-- setup -->
        <test-method signature="testiPhoneAndSearch()[pri:0, instance:tests.FlipKartTest@243c4f91]" started-at="2023-11-16T14:22:33 GMT" name="testiPhoneAndSearch" finished-at="2023-11-16T14:23:15 GMT" duration-ms="41727" status="PASS">
          <reporter-output>
          </reporter-output>
        </test-method> <!-- testiPhoneAndSearch -->
        <test-method is-config="true" signature="tearDown()[pri:0, instance:tests.FlipKartTest@243c4f91]" started-at="2023-11-16T14:23:15 GMT" name="tearDown" finished-at="2023-11-16T14:23:15 GMT" duration-ms="113" status="PASS">
          <reporter-output>
          </reporter-output>
        </test-method> <!-- tearDown -->
      </class> <!-- tests.FlipKartTest -->
      <class name="tests.ContactTest">
        <test-method is-config="true" signature="setup()[pri:0, instance:tests.ContactTest@4b0b0854]" started-at="2023-11-16T14:21:37 GMT" name="setup" finished-at="2023-11-16T14:21:48 GMT" duration-ms="11019" status="PASS">
          <reporter-output>
          </reporter-output>
        </test-method> <!-- setup -->
        <test-method is-config="true" signature="tearDown()[pri:0, instance:tests.ContactTest@4b0b0854]" started-at="2023-11-16T14:23:15 GMT" name="tearDown" finished-at="2023-11-16T14:23:15 GMT" duration-ms="156" status="PASS">
          <reporter-output>
          </reporter-output>
        </test-method> <!-- tearDown -->
      </class> <!-- tests.ContactTest -->
    </test> <!-- Scenario2 -->
  </suite> <!-- TestSuite -->
</testng-results>
